<?xml version="1.0" encoding="UTF-8"?>
<testng-results skipped="0" failed="0" ignored="2" total="4" passed="2">
  <reporter-output>
  </reporter-output>
  <suite name="Online-29 Brite-ERP" duration-ms="35508" started-at="2019-01-30T20:23:12Z" finished-at="2019-01-30T20:23:48Z">
    <groups>
    </groups>
    <test name="Online-29 Brite-ERP Automated Smoke Tests" duration-ms="35508" started-at="2019-01-30T20:23:12Z" finished-at="2019-01-30T20:23:48Z">
      <class name="com.brite_erp.tests.smoke_tests.login.PositiveLogInTest">
        <test-method status="PASS" signature="setupMethod()[pri:0, instance:com.brite_erp.tests.smoke_tests.login.PositiveLogInTest@6537cf78]" name="setupMethod" is-config="true" duration-ms="2557" started-at="2019-01-30T20:23:40Z" finished-at="2019-01-30T20:23:42Z">
          <reporter-output>
          </reporter-output>
        </test-method> <!-- setupMethod -->
        <test-method status="PASS" signature="positiveLoginTest()[pri:0, instance:com.brite_erp.tests.smoke_tests.login.PositiveLogInTest@6537cf78]" name="positiveLoginTest" duration-ms="5237" started-at="2019-01-30T20:23:42Z" finished-at="2019-01-30T20:23:47Z">
          <reporter-output>
          </reporter-output>
        </test-method> <!-- positiveLoginTest -->
        <test-method status="PASS" signature="tearDownMethod(org.testng.ITestResult)[pri:0, instance:com.brite_erp.tests.smoke_tests.login.PositiveLogInTest@6537cf78]" name="tearDownMethod" is-config="true" duration-ms="78" started-at="2019-01-30T20:23:47Z" finished-at="2019-01-30T20:23:48Z">
          <params>
            <param index="0">
              <value>
                <![CDATA[[TestResult name=positiveLoginTest status=SUCCESS method=PositiveLogInTest.positiveLoginTest()[pri:0, instance:com.brite_erp.tests.smoke_tests.login.PositiveLogInTest@6537cf78] output={null}]]]>
              </value>
            </param>
          </params>
          <reporter-output>
          </reporter-output>
        </test-method> <!-- tearDownMethod -->
      </class> <!-- com.brite_erp.tests.smoke_tests.login.PositiveLogInTest -->
      <class name="com.brite_erp.tests.smoke_tests.discuss.AddPrivateChannels">
        <test-method status="PASS" signature="setUpTest()[pri:0, instance:com.brite_erp.tests.smoke_tests.discuss.AddPrivateChannels@617c74e5]" name="setUpTest" is-config="true" duration-ms="78" started-at="2019-01-30T20:23:12Z" finished-at="2019-01-30T20:23:12Z">
          <reporter-output>
          </reporter-output>
        </test-method> <!-- setUpTest -->
        <test-method status="PASS" signature="setupMethod()[pri:0, instance:com.brite_erp.tests.smoke_tests.discuss.AddPrivateChannels@617c74e5]" name="setupMethod" is-config="true" duration-ms="3353" started-at="2019-01-30T20:23:12Z" finished-at="2019-01-30T20:23:16Z">
          <reporter-output>
          </reporter-output>
        </test-method> <!-- setupMethod -->
        <test-method status="PASS" signature="checkPrivateChannel()[pri:0, instance:com.brite_erp.tests.smoke_tests.discuss.AddPrivateChannels@617c74e5]" name="checkPrivateChannel" duration-ms="23956" started-at="2019-01-30T20:23:16Z" finished-at="2019-01-30T20:23:40Z">
          <reporter-output>
          </reporter-output>
        </test-method> <!-- checkPrivateChannel -->
        <test-method status="PASS" signature="tearDownMethod(org.testng.ITestResult)[pri:0, instance:com.brite_erp.tests.smoke_tests.discuss.AddPrivateChannels@617c74e5]" name="tearDownMethod" is-config="true" duration-ms="80" started-at="2019-01-30T20:23:40Z" finished-at="2019-01-30T20:23:40Z">
          <params>
            <param index="0">
              <value>
                <![CDATA[[TestResult name=checkPrivateChannel status=SUCCESS method=AddPrivateChannels.checkPrivateChannel()[pri:0, instance:com.brite_erp.tests.smoke_tests.discuss.AddPrivateChannels@617c74e5] output={null}]]]>
              </value>
            </param>
          </params>
          <reporter-output>
          </reporter-output>
        </test-method> <!-- tearDownMethod -->
        <test-method status="PASS" signature="tearDownTest()[pri:0, instance:com.brite_erp.tests.smoke_tests.discuss.AddPrivateChannels@617c74e5]" name="tearDownTest" is-config="true" duration-ms="155" started-at="2019-01-30T20:23:48Z" finished-at="2019-01-30T20:23:48Z">
          <reporter-output>
          </reporter-output>
        </test-method> <!-- tearDownTest -->
      </class> <!-- com.brite_erp.tests.smoke_tests.discuss.AddPrivateChannels -->
    </test> <!-- Online-29 Brite-ERP Automated Smoke Tests -->
  </suite> <!-- Online-29 Brite-ERP -->
</testng-results>
