<?xml version="1.0" encoding="UTF-8"?>
<!-- Generated by org.testng.reporters.JUnitXMLReporter -->
<testsuite hostname="Elnurs-MBP.fios-router.home" ignored="4" name="Online-29 Brite-ERP Automated Smoke Tests" tests="4" failures="0" timestamp="01 Feb 2019 17:54:56 GMT" time="82.826" errors="0">
  <testcase name="CheckTitle" time="18.346" classname="com.brite_erp.tests.smoke_tests.purchase.PageHeaderTest"/>
  <testcase name="Purchase_Orders_Title" time="14.935" classname="com.brite_erp.tests.smoke_tests.purchase.PageHeaderTest"/>
  <testcase name="checkPrivateChannel" time="19.577" classname="com.brite_erp.tests.smoke_tests.discuss.AddPrivateChannels"/>
  <testcase name="positiveLoginTest" time="15.805" classname="com.brite_erp.tests.smoke_tests.login.PositiveLogInTest"/>
  <testcase name="@AfterTest tearDownTest" time="0.0" classname="com.brite_erp.utilities.TestBase">
    <ignored/>
  </testcase> <!-- @AfterTest tearDownTest -->
  <testcase name="@AfterTest tearDownTest" time="0.0" classname="com.brite_erp.utilities.TestBase">
    <ignored/>
  </testcase> <!-- @AfterTest tearDownTest -->
  <testcase name="@BeforeTest setUpTest" time="0.0" classname="com.brite_erp.utilities.TestBase">
    <ignored/>
  </testcase> <!-- @BeforeTest setUpTest -->
  <testcase name="@BeforeTest setUpTest" time="0.0" classname="com.brite_erp.utilities.TestBase">
    <ignored/>
  </testcase> <!-- @BeforeTest setUpTest -->
</testsuite> <!-- Online-29 Brite-ERP Automated Smoke Tests -->
