<?xml version="1.0" encoding="UTF-8"?>
<!-- Generated by org.testng.reporters.JUnitXMLReporter -->
<testsuite hostname="Antonina" ignored="2" name="Online-29 Brite-ERP Automated Smoke Tests" tests="1" failures="0" timestamp="30 Jan 2019 20:22:52 GMT" time="21.32" errors="0">
  <testcase name="positiveLoginTest" time="15.652" classname="com.brite_erp.tests.smoke_tests.login.PositiveLogInTest"/>
  <testcase name="@AfterTest tearDownTest" time="0.0" classname="com.brite_erp.utilities.TestBase">
    <ignored/>
  </testcase> <!-- @AfterTest tearDownTest -->
  <testcase name="@BeforeTest setUpTest" time="0.0" classname="com.brite_erp.utilities.TestBase">
    <ignored/>
  </testcase> <!-- @BeforeTest setUpTest -->
</testsuite> <!-- Online-29 Brite-ERP Automated Smoke Tests -->
